
tmcheck -par "gonogo_upduino_vhd_impl_2.par" 

bitgen -w "gonogo_upduino_vhd_impl_2.udb" -f "gonogo_upduino_vhd_impl_2.t2b" 
Loading gonogo_upduino_vhd_impl_2.udb ...
Loading device for application GENERIC from file 'itpa08.nph' in environment: C:/lscc/radiant/3.2/ispfpga.
Package Status:                     Preliminary    Version 1.5.
Performance Hardware Data Status:   Advanced       Version 1.0.



Design:  gonogo
Family:  iCE40UP
Device:  iCE40UP5K
Package: SG48
Performance Grade:   High-Performance_1.2V
Successfully loading design udb and device data from disks and to up-layer in CPU time: 0 secs , REAL time: 0 secs 



BITGEN: Bitstream Generator Radiant Software (64-bit) 3.2.0.18.0
Copyright (c) 1991-1994 by NeoCAD Inc. All rights reserved.
Copyright (c) 1995 AT&T Corp.   All rights reserved.
Copyright (c) 1995-2001 Lucent Technologies Inc.  All rights reserved.
Copyright (c) 2001 Agere Systems   All rights reserved.
Copyright (c) 2002-2022 Lattice Semiconductor Corporation,  All rights reserved.


Running DRC.
DRC detected 0 errors and 0 warnings.

Preference Summary:
+---------------------------------+---------------------------------+
|  Preference                     |  Current Setting                |
+---------------------------------+---------------------------------+
 *  Default setting.
 ** The specified setting matches the default setting.


Creating bit map...
Saving bit stream in "C:\Users\duodi\Documents\Personnel\electronique\fpga-cpld\lattice\gonogo-upduino-vhdl\gonogo_upduino_vhd\impl_2\gonogo_upduino_vhd_impl_2.bin".
    <postMsg mid="1009992" type="Info" dynamic="1" navigation="0" arg0="Bitstream authenticated."  />
Bitstream generation complete!

Total CPU Time: 1 secs 
Total REAL Time: 2 secs 
Peak Memory Usage: 109 MB


ibisgen "gonogo_upduino_vhd_impl_2.udb" "C:/lscc/radiant/3.2/cae_library/ibis/iCE40UP.ibs"
IBIS Models Generator: Lattice Radiant Software (64-bit) 3.2.0.18.0

Tue Sep 13 06:00:02 2022

Loading gonogo_upduino_vhd_impl_2.udb ...
Loading device for application GENERIC from file 'itpa08.nph' in environment: C:/lscc/radiant/3.2/ispfpga.
Package Status:                     Preliminary    Version 1.5.
Performance Hardware Data Status:   Advanced       Version 1.0.



Design:  gonogo
Family:  iCE40UP
Device:  iCE40UP5K
Package: SG48
Performance Grade:   High-Performance_1.2V
Successfully loading design udb and device data from disks and to up-layer in CPU time: 0 secs , REAL time: 0 secs 

Created design models.


Generating: C:\Users\duodi\Documents\Personnel\electronique\fpga-cpld\lattice\gonogo-upduino-vhdl\gonogo_upduino_vhd\impl_2\IBIS\gonogo_upduino_vhd_impl_2.ibs


    <postMsg mid="1191031" type="Info" dynamic="0" navigation="0"  />

backanno "gonogo_upduino_vhd_impl_2.udb"  -o "gonogo_upduino_vhd_impl_2_vo.vo"      -sp "High-Performance_1.2V"  -w -neg
backanno: version Radiant Software (64-bit) 3.2.0.18.0
Copyright (c) 1991-1994 by NeoCAD Inc. All rights reserved.
Copyright (c) 1995 AT&T Corp.   All rights reserved.
Copyright (c) 1995-2001 Lucent Technologies Inc.  All rights reserved.
Copyright (c) 2001 Agere Systems   All rights reserved.
Copyright (c) 2002-2022 Lattice Semiconductor Corporation,  All rights reserved.

Loading device for application GENERIC from file 'itpa08.nph' in environment: C:/lscc/radiant/3.2/ispfpga.
Package Status:                     Preliminary    Version 1.5.
Loading udb::Database ...
Design:  gonogo
Family:  iCE40UP
Device:  iCE40UP5K
Package: SG48
Performance Grade:   High-Performance_1.2V
Performance Hardware Data Status:   Advanced       Version 1.0.



Writing a verilog netlist based on the gonogo_upduino_vhd_impl_2 design file.

Writing Verilog netlist to file gonogo_upduino_vhd_impl_2_vo.vo
Writing SDF timing to file gonogo_upduino_vhd_impl_2_vo.sdf
Backanno finished with 0 posted error messages.
Total CPU Time: 2 secs 
Total REAL Time: 2 secs 
Peak Memory Usage: 84 MB
