synthesis:  version Radiant Software (64-bit) 3.2.0.18.0

Copyright (c) 1991-1994 by NeoCAD Inc. All rights reserved.
Copyright (c) 1995 AT&T Corp.   All rights reserved.
Copyright (c) 1995-2001 Lucent Technologies Inc.  All rights reserved.
Copyright (c) 2001 Agere Systems   All rights reserved.
Copyright (c) 2002-2022 Lattice Semiconductor Corporation,  All rights reserved.
Thu Sep 15 16:12:23 2022


Command Line:  C:\lscc\radiant\3.2\ispfpga\bin\nt64\synthesis.exe -f gonogo_upduino_vhd_verilog_lattice.synproj -gui -msgset C:/Users/duodi/Documents/Personnel/electronique/fpga-cpld/lattice/gonogo-upduino-vhdl/gonogo_upduino_vhd/promote.xml 

Synthesis options:
The -top option is not used.
The -a option is iCE40UP.
The -t option is SG48.
The -sp option is High-Performance_1.2V.
The -p option is iCE40UP5K.
                                                          


##########################################################


### Lattice Family     : iCE40UP


### Device             : iCE40UP5K


### Package            : SG48


### Performance Grade  : High-Performance_1.2V


                                                         


INFO - synthesis: User-Selected Strategy Settings
Optimization goal = Area
Target frequency = 200.000000 MHz.
Maximum fanout = 1000.
Timing path count = 3
RWCheckOnRam = 0

BRAM utilization = 100.000000 %
DSP usage = true
DSP utilization = 100.000000 %
fsm_encoding_style = auto
resolve_mixed_drivers = 0
fix_gated_clocks = 1


Mux style = auto (Default)
Use Carry Chain = true
carry_chain_length = 0
Loop Limit = 1950.
Use IO Insertion = TRUE
Use IO Reg = AUTO

Resource Sharing = TRUE
Propagate Constants = TRUE
Remove Duplicate Registers = TRUE
Output HDL file name = gonogo_upduino_vhd_verilog.vm.
ROM style = auto
RAM style = auto
The -comp option is FALSE.
The -syn option is FALSE.
-path C:/Users/duodi/Documents/Personnel/electronique/fpga-cpld/lattice/gonogo-upduino-vhdl/gonogo_upduino_vhd (searchpath added)
-path C:/Users/duodi/Documents/Personnel/electronique/fpga-cpld/lattice/gonogo-upduino-vhdl/gonogo_upduino_vhd/verilog (searchpath added)
-path C:/lscc/radiant/3.2/ispfpga/ice40tp/data (searchpath added)
Mixed language design
WARNING - synthesis: A top-level module has not been specified for the mixed language design.
Verilog design file = C:/lscc/radiant/3.2/ip/pmi/pmi_iCE40UP.v
Verilog design file = C:/Users/duodi/Documents/Personnel/electronique/fpga-cpld/lattice/gonogo-upduino-vhdl/gonogo_upduino_vhd/verilog/source/gonogoverilog.v
VHDL library = pmi
VHDL design file = C:/lscc/radiant/3.2/ip/pmi/pmi_iCE40UP.vhd
The -r option is OFF. [ Remove LOC Properties is OFF. ]
Compile design.
Compile Design Begin
Analyzing Verilog file c:/lscc/radiant/3.2/ip/pmi/pmi_ice40up.v. VERI-1482
INFO - synthesis: c:/lscc/radiant/3.2/ip/pmi/pmi_ice40up.v(1): analyzing included file c:/lscc/radiant/3.2/ip/pmi/pmi_addsub.v. VERI-1328
INFO - synthesis: c:/lscc/radiant/3.2/ip/pmi/pmi_addsub.v(40): analyzing included file c:/lscc/radiant/3.2/ip/pmi/../common/adder_subtractor/rtl/lscc_add_sub.v. VERI-1328
INFO - synthesis: c:/lscc/radiant/3.2/ip/pmi/pmi_ice40up.v(2): analyzing included file c:/lscc/radiant/3.2/ip/pmi/pmi_add.v. VERI-1328
INFO - synthesis: c:/lscc/radiant/3.2/ip/pmi/pmi_add.v(50): analyzing included file c:/lscc/radiant/3.2/ip/pmi/../common/adder/rtl/lscc_adder.v. VERI-1328
INFO - synthesis: c:/lscc/radiant/3.2/ip/pmi/pmi_ice40up.v(3): analyzing included file c:/lscc/radiant/3.2/ip/pmi/pmi_complex_mult.v. VERI-1328
INFO - synthesis: c:/lscc/radiant/3.2/ip/pmi/pmi_complex_mult.v(52): analyzing included file c:/lscc/radiant/3.2/ip/pmi/../common/complex_mult/rtl/lscc_complex_mult.v. VERI-1328
INFO - synthesis: c:/lscc/radiant/3.2/ip/pmi/pmi_ice40up.v(4): analyzing included file c:/lscc/radiant/3.2/ip/pmi/pmi_counter.v. VERI-1328
INFO - synthesis: c:/lscc/radiant/3.2/ip/pmi/pmi_counter.v(39): analyzing included file c:/lscc/radiant/3.2/ip/pmi/../common/counter/rtl/lscc_cntr.v. VERI-1328
INFO - synthesis: c:/lscc/radiant/3.2/ip/pmi/pmi_ice40up.v(5): analyzing included file c:/lscc/radiant/3.2/ip/pmi/pmi_fifo.v. VERI-1328
INFO - synthesis: c:/lscc/radiant/3.2/ip/pmi/pmi_fifo.v(44): analyzing included file c:/lscc/radiant/3.2/ip/pmi/../avant/fifo/rtl/lscc_fifo.v. VERI-1328
INFO - synthesis: c:/lscc/radiant/3.2/ip/pmi/pmi_ice40up.v(6): analyzing included file c:/lscc/radiant/3.2/ip/pmi/pmi_fifo_dc.v. VERI-1328
INFO - synthesis: c:/lscc/radiant/3.2/ip/pmi/pmi_fifo_dc.v(47): analyzing included file c:/lscc/radiant/3.2/ip/pmi/../avant/fifo_dc/rtl/lscc_fifo_dc.v. VERI-1328
INFO - synthesis: c:/lscc/radiant/3.2/ip/pmi/pmi_ice40up.v(7): analyzing included file c:/lscc/radiant/3.2/ip/pmi/pmi_mac.v. VERI-1328
INFO - synthesis: c:/lscc/radiant/3.2/ip/pmi/pmi_mac.v(52): analyzing included file c:/lscc/radiant/3.2/ip/pmi/../common/mult_accumulate/rtl/lscc_mult_accumulate.v. VERI-1328
INFO - synthesis: c:/lscc/radiant/3.2/ip/pmi/pmi_ice40up.v(8): analyzing included file c:/lscc/radiant/3.2/ip/pmi/pmi_multaddsubsum.v. VERI-1328
INFO - synthesis: c:/lscc/radiant/3.2/ip/pmi/pmi_multaddsubsum.v(53): analyzing included file c:/lscc/radiant/3.2/ip/pmi/../common/mult_add_sub_sum/rtl/lscc_mult_add_sub_sum.v. VERI-1328
INFO - synthesis: c:/lscc/radiant/3.2/ip/pmi/pmi_ice40up.v(9): analyzing included file c:/lscc/radiant/3.2/ip/pmi/pmi_multaddsub.v. VERI-1328
INFO - synthesis: c:/lscc/radiant/3.2/ip/pmi/pmi_multaddsub.v(52): analyzing included file c:/lscc/radiant/3.2/ip/pmi/../common/mult_add_sub/rtl/lscc_mult_add_sub.v. VERI-1328
INFO - synthesis: c:/lscc/radiant/3.2/ip/pmi/pmi_ice40up.v(10): analyzing included file c:/lscc/radiant/3.2/ip/pmi/pmi_mult.v. VERI-1328
INFO - synthesis: c:/lscc/radiant/3.2/ip/pmi/pmi_mult.v(51): analyzing included file c:/lscc/radiant/3.2/ip/pmi/../common/multiplier/rtl/lscc_multiplier.v. VERI-1328
INFO - synthesis: c:/lscc/radiant/3.2/ip/pmi/pmi_ice40up.v(11): analyzing included file c:/lscc/radiant/3.2/ip/pmi/pmi_ram_dp.v. VERI-1328
INFO - synthesis: c:/lscc/radiant/3.2/ip/pmi/pmi_ram_dp.v(48): analyzing included file c:/lscc/radiant/3.2/ip/pmi/../avant/ram_dp/rtl/lscc_ram_dp.v. VERI-1328
INFO - synthesis: c:/lscc/radiant/3.2/ip/pmi/pmi_ice40up.v(12): analyzing included file c:/lscc/radiant/3.2/ip/pmi/pmi_ram_dq.v. VERI-1328
INFO - synthesis: c:/lscc/radiant/3.2/ip/pmi/pmi_ram_dq.v(45): analyzing included file c:/lscc/radiant/3.2/ip/pmi/../avant/ram_dq/rtl/lscc_ram_dq.v. VERI-1328
INFO - synthesis: c:/lscc/radiant/3.2/ip/pmi/pmi_ice40up.v(13): analyzing included file c:/lscc/radiant/3.2/ip/pmi/pmi_rom.v. VERI-1328
INFO - synthesis: c:/lscc/radiant/3.2/ip/pmi/pmi_rom.v(45): analyzing included file c:/lscc/radiant/3.2/ip/pmi/../avant/rom/rtl/lscc_rom.v. VERI-1328
INFO - synthesis: c:/lscc/radiant/3.2/ip/pmi/pmi_ice40up.v(14): analyzing included file c:/lscc/radiant/3.2/ip/pmi/pmi_sub.v. VERI-1328
INFO - synthesis: c:/lscc/radiant/3.2/ip/pmi/pmi_sub.v(50): analyzing included file c:/lscc/radiant/3.2/ip/pmi/../common/subtractor/rtl/lscc_subtractor.v. VERI-1328
INFO - synthesis: c:/lscc/radiant/3.2/ip/pmi/pmi_ice40up.v(15): analyzing included file c:/lscc/radiant/3.2/ip/pmi/pmi_ram_dp_be.v. VERI-1328
INFO - synthesis: c:/lscc/radiant/3.2/ip/pmi/pmi_ram_dp_be.v(49): analyzing included file c:/lscc/radiant/3.2/ip/pmi/../avant/ram_dp/rtl/lscc_ram_dp.v. VERI-1328
INFO - synthesis: c:/lscc/radiant/3.2/ip/pmi/pmi_ice40up.v(16): analyzing included file c:/lscc/radiant/3.2/ip/pmi/pmi_ram_dq_be.v. VERI-1328
INFO - synthesis: c:/lscc/radiant/3.2/ip/pmi/pmi_ram_dq_be.v(45): analyzing included file c:/lscc/radiant/3.2/ip/pmi/../avant/ram_dq/rtl/lscc_ram_dq.v. VERI-1328
INFO - synthesis: c:/lscc/radiant/3.2/ip/pmi/pmi_ice40up.v(17): analyzing included file c:/lscc/radiant/3.2/ip/pmi/pmi_dsp.v. VERI-1328
Analyzing Verilog file c:/users/duodi/documents/personnel/electronique/fpga-cpld/lattice/gonogo-upduino-vhdl/gonogo_upduino_vhd/verilog/source/gonogoverilog.v. VERI-1482
WARNING - synthesis: c:/users/duodi/documents/personnel/electronique/fpga-cpld/lattice/gonogo-upduino-vhdl/gonogo_upduino_vhd/verilog/source/gonogoverilog.v(6): identifier NBITS is used before its declaration. VERI-1875
WARNING - synthesis: c:/users/duodi/documents/personnel/electronique/fpga-cpld/lattice/gonogo-upduino-vhdl/gonogo_upduino_vhd/verilog/source/gonogoverilog.v(7): identifier NBITS is used before its declaration. VERI-1875
Analyzing VHDL file c:/lscc/radiant/3.2/ip/pmi/pmi_ice40up.vhd. VHDL-1481
Analyzing VHDL file c:/lscc/radiant/3.2/ip/pmi/pmi_ice40up.vhd

INFO - synthesis: c:/lscc/radiant/3.2/ip/pmi/pmi_ice40up.vhd(4): analyzing package components. VHDL-1014
WARNING - synthesis: Setting blinky as the top-level module. To specify the top-level module explicitly, go to View->Set Views->Hierarchy or Project->Active Implementation->Set Top-Level Unit.
INFO - synthesis: The default VHDL library search path is now "C:/Users/duodi/Documents/Personnel/electronique/fpga-cpld/lattice/gonogo-upduino-vhdl/gonogo_upduino_vhd/verilog". VHDL-1504
Top module language type = Verilog.
Top module name (Verilog, mixed language): blinky
INFO - synthesis: c:/users/duodi/documents/personnel/electronique/fpga-cpld/lattice/gonogo-upduino-vhdl/gonogo_upduino_vhd/verilog/source/gonogoverilog.v(1): compiling module blinky. VERI-1018
                                                         


### Number of Logic Cells: 5280


### Number of RAM Blocks: 30


### Number of DSP Blocks: 8


### Number of PLLs: 1


### Number of IO Pins: 61


##########################################################


                                                         






################### Begin Area Report (blinky)######################
Number of register bits => 60 of 5280 (1 % )
CCU2 => 30
FD1P3XZ => 60
IB => 29
LUT4 => 120
OB => 4
################### End Area Report ##################
Number of odd-length carry chains : 0
Number of even-length carry chains : 5

################### Begin Clock Report ######################
Clock Nets
Number of Clocks: 1
  Net : clk_c, loads : 0
Clock Enable Nets
Number of Clock Enables: 0
Highest fanout non-clock nets
Top 10 highest fanout non-clock nets:
  Net : sw_reset_c, loads : 32
  Net : sw_reset_N_139, loads : 30
  Net : n482, loads : 16
  Net : cntr_go_11__N_111, loads : 15
  Net : n23_adj_2, loads : 14
  Net : n23, loads : 13
  Net : usecond_cntr_max, loads : 12
  Net : n464, loads : 12
  Net : msecond_cntr_max, loads : 11
  Net : n487, loads : 11
################### End Clock Report ##################

Peak Memory Usage: 107 MB

--------------------------------------------------------------
Total CPU Time: 4 secs 
Total REAL Time: 4 secs 
--------------------------------------------------------------
